2022-09-01 19:39:05,735: INFO: [inception.py:177]: Inception3: All params loaded
2022-09-01 19:39:09,532: INFO: [inception.py:177]: Inception3: All params loaded
2022-09-01 19:39:10,087: INFO: [wsdan.py:153]: WSDAN: using inception_mixed_6e as feature extractor, num_classes: 1993, num_attentions: 32
2022-09-01 19:39:11,954: INFO: [train.py:93]: Network weights save to /home/CompCars/data/ckpt/
2022-09-01 19:39:12,056: INFO: [train.py:126]: Start training: Total epochs: 160, Batch size: 24, Training size: 16015, Validation size: 14938
2022-09-01 19:39:12,056: INFO: [train.py:128]: 
2022-09-01 19:39:12,056: INFO: [train.py:136]: Epoch 001, Learning Rate 0.001
2022-09-01 19:51:20,190: INFO: [train.py:247]: Train: Loss 6.1421, Raw Acc (6.72, 18.38), Crop Acc (4.62, 13.36), Drop Acc (4.22, 12.44), Time 728.13
2022-09-01 19:53:29,581: INFO: [train.py:302]: Valid: Val Loss 3.8381, Val Acc (18.66, 43.83), Time 129.38
2022-09-01 19:53:29,582: INFO: [train.py:303]: 
2022-09-01 19:53:30,411: INFO: [train.py:136]: Epoch 002, Learning Rate 0.001
2022-09-01 20:05:34,900: INFO: [train.py:247]: Train: Loss 4.0236, Raw Acc (32.63, 60.29), Crop Acc (20.77, 43.46), Drop Acc (19.45, 41.43), Time 724.49
2022-09-01 20:07:40,693: INFO: [train.py:302]: Valid: Val Loss 2.1927, Val Acc (44.67, 76.14), Time 125.79
2022-09-01 20:07:40,694: INFO: [train.py:303]: 
2022-09-01 20:07:41,996: INFO: [train.py:136]: Epoch 003, Learning Rate 0.0009
2022-09-01 20:19:46,067: INFO: [train.py:247]: Train: Loss 2.6422, Raw Acc (61.21, 87.58), Crop Acc (40.60, 67.29), Drop Acc (39.41, 67.08), Time 724.07
2022-09-01 20:21:52,043: INFO: [train.py:302]: Valid: Val Loss 1.1185, Val Acc (68.80, 91.90), Time 125.97
2022-09-01 20:21:52,043: INFO: [train.py:303]: 
2022-09-01 20:21:53,377: INFO: [train.py:136]: Epoch 004, Learning Rate 0.0009
2022-09-01 20:33:57,051: INFO: [train.py:247]: Train: Loss 1.9325, Raw Acc (78.15, 96.12), Crop Acc (54.39, 79.23), Drop Acc (53.99, 79.67), Time 723.67
2022-09-01 20:36:03,005: INFO: [train.py:302]: Valid: Val Loss 0.7326, Val Acc (79.51, 96.16), Time 125.95
2022-09-01 20:36:03,006: INFO: [train.py:303]: 
2022-09-01 20:36:04,269: INFO: [train.py:136]: Epoch 005, Learning Rate 0.00081
2022-09-01 20:48:07,946: INFO: [train.py:247]: Train: Loss 1.4932, Raw Acc (88.79, 99.03), Crop Acc (65.14, 85.65), Drop Acc (64.20, 86.11), Time 723.68
2022-09-01 20:50:14,353: INFO: [train.py:302]: Valid: Val Loss 0.4658, Val Acc (87.17, 98.13), Time 126.40
2022-09-01 20:50:14,354: INFO: [train.py:303]: 
2022-09-01 20:50:15,642: INFO: [train.py:136]: Epoch 006, Learning Rate 0.00081
2022-09-01 21:02:19,134: INFO: [train.py:247]: Train: Loss 1.2381, Raw Acc (93.36, 99.68), Crop Acc (71.75, 88.87), Drop Acc (70.68, 89.82), Time 723.49
2022-09-01 21:04:25,124: INFO: [train.py:302]: Valid: Val Loss 0.3675, Val Acc (89.74, 98.71), Time 125.98
2022-09-01 21:04:25,125: INFO: [train.py:303]: 
2022-09-01 21:04:26,420: INFO: [train.py:136]: Epoch 007, Learning Rate 0.000729
2022-09-01 21:16:29,274: INFO: [train.py:247]: Train: Loss 1.0559, Raw Acc (96.42, 99.90), Crop Acc (76.62, 91.09), Drop Acc (75.88, 91.81), Time 722.85
2022-09-01 21:18:35,317: INFO: [train.py:302]: Valid: Val Loss 0.3112, Val Acc (91.25, 99.12), Time 126.04
2022-09-01 21:18:35,317: INFO: [train.py:303]: 
2022-09-01 21:18:36,579: INFO: [train.py:136]: Epoch 008, Learning Rate 0.000729
2022-09-01 21:30:39,791: INFO: [train.py:247]: Train: Loss 0.9485, Raw Acc (97.43, 99.96), Crop Acc (79.78, 92.20), Drop Acc (78.91, 93.24), Time 723.21
2022-09-01 21:32:45,932: INFO: [train.py:302]: Valid: Val Loss 0.2660, Val Acc (92.80, 99.18), Time 126.13
2022-09-01 21:32:45,932: INFO: [train.py:303]: 
2022-09-01 21:32:46,753: INFO: [train.py:136]: Epoch 009, Learning Rate 0.0006561
2022-09-01 21:44:49,641: INFO: [train.py:247]: Train: Loss 0.8496, Raw Acc (98.36, 99.99), Crop Acc (82.19, 93.29), Drop Acc (81.73, 94.31), Time 722.89
2022-09-01 21:46:55,684: INFO: [train.py:302]: Valid: Val Loss 0.2287, Val Acc (93.69, 99.42), Time 126.04
2022-09-01 21:46:55,685: INFO: [train.py:303]: 
2022-09-01 21:46:56,938: INFO: [train.py:136]: Epoch 010, Learning Rate 0.0006561
2022-09-01 21:58:59,884: INFO: [train.py:247]: Train: Loss 0.7835, Raw Acc (98.96, 99.99), Crop Acc (84.53, 94.12), Drop Acc (83.35, 94.87), Time 722.94
2022-09-01 22:01:05,830: INFO: [train.py:302]: Valid: Val Loss 0.2149, Val Acc (94.10, 99.42), Time 125.94
2022-09-01 22:01:05,831: INFO: [train.py:303]: 
2022-09-01 22:01:07,129: INFO: [train.py:136]: Epoch 011, Learning Rate 0.00059049
2022-09-01 22:13:10,037: INFO: [train.py:247]: Train: Loss 0.7107, Raw Acc (99.29, 99.99), Crop Acc (86.49, 95.01), Drop Acc (85.15, 95.85), Time 722.91
2022-09-01 22:15:16,191: INFO: [train.py:302]: Valid: Val Loss 0.1952, Val Acc (94.87, 99.34), Time 126.15
2022-09-01 22:15:16,191: INFO: [train.py:303]: 
2022-09-01 22:15:17,724: INFO: [train.py:136]: Epoch 012, Learning Rate 0.00059049
2022-09-01 22:27:20,589: INFO: [train.py:247]: Train: Loss 0.6636, Raw Acc (99.48, 99.99), Crop Acc (88.10, 95.55), Drop Acc (86.05, 95.89), Time 722.86
2022-09-01 22:29:26,531: INFO: [train.py:302]: Valid: Val Loss 0.1839, Val Acc (94.99, 99.50), Time 125.93
2022-09-01 22:29:26,531: INFO: [train.py:303]: 
2022-09-01 22:29:27,769: INFO: [train.py:136]: Epoch 013, Learning Rate 0.000531441
2022-09-01 22:41:30,530: INFO: [train.py:247]: Train: Loss 0.6279, Raw Acc (99.63, 100.00), Crop Acc (89.25, 95.65), Drop Acc (87.11, 96.31), Time 722.76
2022-09-01 22:43:36,594: INFO: [train.py:302]: Valid: Val Loss 0.1731, Val Acc (95.48, 99.52), Time 126.06
2022-09-01 22:43:36,594: INFO: [train.py:303]: 
2022-09-01 22:43:37,875: INFO: [train.py:136]: Epoch 014, Learning Rate 0.000531441
2022-09-01 22:55:40,395: INFO: [train.py:247]: Train: Loss 0.5963, Raw Acc (99.69, 100.00), Crop Acc (90.15, 95.95), Drop Acc (87.64, 96.42), Time 722.52
2022-09-01 22:57:46,121: INFO: [train.py:302]: Valid: Val Loss 0.1661, Val Acc (95.65, 99.56), Time 125.72
2022-09-01 22:57:46,121: INFO: [train.py:303]: 
2022-09-01 22:57:47,368: INFO: [train.py:136]: Epoch 015, Learning Rate 0.000478297
2022-09-01 23:09:49,726: INFO: [train.py:247]: Train: Loss 0.5623, Raw Acc (99.68, 99.99), Crop Acc (90.71, 96.08), Drop Acc (88.31, 96.65), Time 722.36
2022-09-01 23:11:55,545: INFO: [train.py:302]: Valid: Val Loss 0.1550, Val Acc (96.02, 99.54), Time 125.81
2022-09-01 23:11:55,546: INFO: [train.py:303]: 
2022-09-01 23:11:56,820: INFO: [train.py:136]: Epoch 016, Learning Rate 0.000478297
2022-09-01 23:23:58,683: INFO: [train.py:247]: Train: Loss 0.5649, Raw Acc (99.75, 100.00), Crop Acc (89.84, 94.25), Drop Acc (89.45, 97.13), Time 721.86
2022-09-01 23:26:04,492: INFO: [train.py:302]: Valid: Val Loss 0.1649, Val Acc (95.72, 99.51), Time 125.80
2022-09-01 23:26:04,492: INFO: [train.py:303]: 
2022-09-01 23:26:04,493: INFO: [train.py:136]: Epoch 017, Learning Rate 0.000430467
2022-09-01 23:38:06,493: INFO: [train.py:247]: Train: Loss 0.7112, Raw Acc (99.81, 100.00), Crop Acc (80.78, 84.71), Drop Acc (90.96, 97.88), Time 722.00
2022-09-01 23:40:12,431: INFO: [train.py:302]: Valid: Val Loss 0.1509, Val Acc (96.17, 99.57), Time 125.93
2022-09-01 23:40:12,432: INFO: [train.py:303]: 
2022-09-01 23:40:13,311: INFO: [train.py:136]: Epoch 018, Learning Rate 0.000430467
2022-09-01 23:52:15,604: INFO: [train.py:247]: Train: Loss 0.9338, Raw Acc (99.81, 100.00), Crop Acc (66.83, 71.68), Drop Acc (93.41, 98.40), Time 722.29
2022-09-01 23:54:20,993: INFO: [train.py:302]: Valid: Val Loss 0.1550, Val Acc (96.10, 99.65), Time 125.38
2022-09-01 23:54:20,993: INFO: [train.py:303]: 
2022-09-01 23:54:20,994: INFO: [train.py:136]: Epoch 019, Learning Rate 0.00038742
2022-09-02 00:06:24,288: INFO: [train.py:247]: Train: Loss 1.0653, Raw Acc (99.78, 100.00), Crop Acc (58.25, 63.22), Drop Acc (94.71, 98.82), Time 723.29
2022-09-02 00:08:29,928: INFO: [train.py:302]: Valid: Val Loss 0.1445, Val Acc (96.30, 99.65), Time 125.63
2022-09-02 00:08:29,929: INFO: [train.py:303]: 
2022-09-02 00:08:31,205: INFO: [train.py:136]: Epoch 020, Learning Rate 0.00038742
2022-09-02 00:20:34,308: INFO: [train.py:247]: Train: Loss 1.1371, Raw Acc (99.79, 100.00), Crop Acc (53.34, 58.41), Drop Acc (95.59, 98.85), Time 723.10
2022-09-02 00:22:40,156: INFO: [train.py:302]: Valid: Val Loss 0.1375, Val Acc (96.35, 99.64), Time 125.84
2022-09-02 00:22:40,156: INFO: [train.py:303]: 
2022-09-02 00:22:41,463: INFO: [train.py:136]: Epoch 021, Learning Rate 0.000348678
2022-09-02 00:34:44,546: INFO: [train.py:247]: Train: Loss 1.1910, Raw Acc (99.86, 100.00), Crop Acc (49.73, 54.90), Drop Acc (95.99, 99.02), Time 723.08
2022-09-02 00:36:50,675: INFO: [train.py:302]: Valid: Val Loss 0.1394, Val Acc (96.31, 99.58), Time 126.12
2022-09-02 00:36:50,675: INFO: [train.py:303]: 
2022-09-02 00:36:50,676: INFO: [train.py:136]: Epoch 022, Learning Rate 0.000348678
2022-09-02 00:48:53,267: INFO: [train.py:247]: Train: Loss 1.1909, Raw Acc (99.89, 100.00), Crop Acc (48.55, 54.18), Drop Acc (96.60, 99.19), Time 722.59
2022-09-02 00:50:59,327: INFO: [train.py:302]: Valid: Val Loss 0.1368, Val Acc (96.39, 99.60), Time 126.05
2022-09-02 00:50:59,328: INFO: [train.py:303]: 
2022-09-02 00:51:00,239: INFO: [train.py:136]: Epoch 023, Learning Rate 0.000313811
