2022-09-01 14:28:16,428: INFO: [inception.py:177]: Inception3: All params loaded
2022-09-01 14:28:17,891: INFO: [wsdan.py:97]: WSDAN: using inception_mixed_6e as feature extractor, num_classes: 1993, num_attentions: 32
2022-09-01 14:28:19,892: INFO: [train.py:93]: Network weights save to /home/CompCars/data/ckpt/
2022-09-01 14:28:19,948: INFO: [train.py:126]: Start training: Total epochs: 160, Batch size: 48, Training size: 16015, Validation size: 14938
2022-09-01 14:28:19,948: INFO: [train.py:128]: 
2022-09-01 14:28:19,948: INFO: [train.py:136]: Epoch 001, Learning Rate 0.001
2022-09-01 14:33:12,846: INFO: [train.py:247]: Train: Loss 6.4277, Raw Acc (2.07, 6.47), Crop Acc (1.89, 5.96), Drop Acc (1.75, 5.39), Time 292.89
2022-09-01 14:34:18,817: INFO: [train.py:302]: Valid: Val Loss 5.3059, Val Acc (7.91, 17.26), Time 65.97
2022-09-01 14:34:18,817: INFO: [train.py:303]: 
2022-09-01 14:34:19,515: INFO: [train.py:136]: Epoch 002, Learning Rate 0.001
2022-09-01 14:39:08,697: INFO: [train.py:247]: Train: Loss 5.0332, Raw Acc (16.32, 33.59), Crop Acc (11.11, 25.54), Drop Acc (11.28, 26.01), Time 289.18
2022-09-01 14:40:12,801: INFO: [train.py:302]: Valid: Val Loss 3.3953, Val Acc (31.09, 54.72), Time 64.10
2022-09-01 14:40:12,801: INFO: [train.py:303]: 
2022-09-01 14:40:13,517: INFO: [train.py:136]: Epoch 003, Learning Rate 0.0009
2022-09-01 14:45:02,568: INFO: [train.py:247]: Train: Loss 3.6683, Raw Acc (43.47, 69.38), Crop Acc (28.28, 51.78), Drop Acc (30.93, 56.33), Time 289.05
2022-09-01 14:46:06,513: INFO: [train.py:302]: Valid: Val Loss 2.0943, Val Acc (54.47, 80.31), Time 63.94
2022-09-01 14:46:06,513: INFO: [train.py:303]: 
2022-09-01 14:46:07,215: INFO: [train.py:136]: Epoch 004, Learning Rate 0.0009
2022-09-01 14:50:55,934: INFO: [train.py:247]: Train: Loss 2.6960, Raw Acc (66.86, 88.33), Crop Acc (45.59, 70.26), Drop Acc (51.93, 78.22), Time 288.72
2022-09-01 14:52:00,203: INFO: [train.py:302]: Valid: Val Loss 1.3249, Val Acc (72.00, 91.50), Time 64.27
2022-09-01 14:52:00,203: INFO: [train.py:303]: 
2022-09-01 14:52:00,941: INFO: [train.py:136]: Epoch 005, Learning Rate 0.00081
2022-09-01 14:56:51,058: INFO: [train.py:247]: Train: Loss 2.0559, Raw Acc (82.38, 96.32), Crop Acc (59.28, 81.42), Drop Acc (68.32, 89.24), Time 290.12
2022-09-01 14:57:55,198: INFO: [train.py:302]: Valid: Val Loss 0.9297, Val Acc (80.71, 95.50), Time 64.14
2022-09-01 14:57:55,199: INFO: [train.py:303]: 
2022-09-01 14:57:56,219: INFO: [train.py:136]: Epoch 006, Learning Rate 0.00081
2022-09-01 15:02:45,228: INFO: [train.py:247]: Train: Loss 1.6686, Raw Acc (89.27, 98.44), Crop Acc (67.70, 86.72), Drop Acc (77.32, 93.94), Time 289.01
2022-09-01 15:03:50,213: INFO: [train.py:302]: Valid: Val Loss 0.6915, Val Acc (85.78, 97.52), Time 64.98
2022-09-01 15:03:50,213: INFO: [train.py:303]: 
2022-09-01 15:03:51,219: INFO: [train.py:136]: Epoch 007, Learning Rate 0.000729
2022-09-01 15:08:40,632: INFO: [train.py:247]: Train: Loss 1.3905, Raw Acc (93.47, 99.42), Crop Acc (74.42, 90.30), Drop Acc (82.62, 96.14), Time 289.41
2022-09-01 15:09:44,801: INFO: [train.py:302]: Valid: Val Loss 0.5520, Val Acc (88.87, 98.26), Time 64.17
2022-09-01 15:09:44,801: INFO: [train.py:303]: 
2022-09-01 15:09:45,859: INFO: [train.py:136]: Epoch 008, Learning Rate 0.000729
2022-09-01 15:14:35,735: INFO: [train.py:247]: Train: Loss 1.2136, Raw Acc (95.44, 99.71), Crop Acc (78.41, 92.15), Drop Acc (86.29, 97.35), Time 289.88
2022-09-01 15:15:40,936: INFO: [train.py:302]: Valid: Val Loss 0.4687, Val Acc (90.71, 98.61), Time 65.20
2022-09-01 15:15:40,936: INFO: [train.py:303]: 
2022-09-01 15:15:42,009: INFO: [train.py:136]: Epoch 009, Learning Rate 0.0006561
2022-09-01 15:20:31,242: INFO: [train.py:247]: Train: Loss 1.0830, Raw Acc (96.90, 99.83), Crop Acc (81.60, 93.33), Drop Acc (88.32, 97.68), Time 289.23
2022-09-01 15:21:35,663: INFO: [train.py:302]: Valid: Val Loss 0.4081, Val Acc (91.93, 98.86), Time 64.42
2022-09-01 15:21:35,663: INFO: [train.py:303]: 
2022-09-01 15:21:36,669: INFO: [train.py:136]: Epoch 010, Learning Rate 0.0006561
2022-09-01 15:26:26,003: INFO: [train.py:247]: Train: Loss 0.9874, Raw Acc (97.64, 99.90), Crop Acc (83.77, 94.06), Drop Acc (90.48, 98.05), Time 289.33
2022-09-01 15:27:31,155: INFO: [train.py:302]: Valid: Val Loss 0.3658, Val Acc (92.88, 98.96), Time 65.15
2022-09-01 15:27:31,155: INFO: [train.py:303]: 
2022-09-01 15:27:31,908: INFO: [train.py:136]: Epoch 011, Learning Rate 0.00059049
2022-09-01 15:32:20,519: INFO: [train.py:247]: Train: Loss 0.9133, Raw Acc (98.26, 99.96), Crop Acc (85.06, 94.59), Drop Acc (91.78, 98.51), Time 288.61
2022-09-01 15:33:25,334: INFO: [train.py:302]: Valid: Val Loss 0.3280, Val Acc (93.21, 99.15), Time 64.81
2022-09-01 15:33:25,334: INFO: [train.py:303]: 
2022-09-01 15:33:26,035: INFO: [train.py:136]: Epoch 012, Learning Rate 0.00059049
2022-09-01 15:38:15,222: INFO: [train.py:247]: Train: Loss 0.8518, Raw Acc (98.75, 99.99), Crop Acc (86.61, 95.33), Drop Acc (92.91, 98.72), Time 289.19
2022-09-01 15:39:20,649: INFO: [train.py:302]: Valid: Val Loss 0.3076, Val Acc (93.69, 99.19), Time 65.42
2022-09-01 15:39:20,649: INFO: [train.py:303]: 
2022-09-01 15:39:21,681: INFO: [train.py:136]: Epoch 013, Learning Rate 0.000531441
2022-09-01 15:44:10,690: INFO: [train.py:247]: Train: Loss 0.8068, Raw Acc (98.92, 99.98), Crop Acc (87.67, 95.57), Drop Acc (93.28, 98.86), Time 289.01
2022-09-01 15:45:14,206: INFO: [train.py:302]: Valid: Val Loss 0.2769, Val Acc (94.32, 99.32), Time 63.51
2022-09-01 15:45:14,206: INFO: [train.py:303]: 
2022-09-01 15:45:15,254: INFO: [train.py:136]: Epoch 014, Learning Rate 0.000531441
2022-09-01 15:50:04,421: INFO: [train.py:247]: Train: Loss 0.7655, Raw Acc (99.21, 99.98), Crop Acc (88.85, 96.08), Drop Acc (93.94, 98.91), Time 289.17
2022-09-01 15:51:08,570: INFO: [train.py:302]: Valid: Val Loss 0.2687, Val Acc (94.28, 99.32), Time 64.15
2022-09-01 15:51:08,570: INFO: [train.py:303]: 
2022-09-01 15:51:08,571: INFO: [train.py:136]: Epoch 015, Learning Rate 0.000478297
2022-09-01 15:55:58,363: INFO: [train.py:247]: Train: Loss 0.7214, Raw Acc (99.44, 99.99), Crop Acc (90.16, 96.50), Drop Acc (94.49, 99.04), Time 289.79
2022-09-01 15:57:03,346: INFO: [train.py:302]: Valid: Val Loss 0.2498, Val Acc (94.59, 99.39), Time 64.98
2022-09-01 15:57:03,346: INFO: [train.py:303]: 
2022-09-01 15:57:04,051: INFO: [train.py:136]: Epoch 016, Learning Rate 0.000478297
2022-09-01 16:01:54,139: INFO: [train.py:247]: Train: Loss 0.7008, Raw Acc (99.48, 99.99), Crop Acc (89.88, 96.32), Drop Acc (95.05, 99.14), Time 290.09
2022-09-01 16:03:00,253: INFO: [train.py:302]: Valid: Val Loss 0.2426, Val Acc (94.89, 99.34), Time 66.11
2022-09-01 16:03:00,253: INFO: [train.py:303]: 
2022-09-01 16:03:00,974: INFO: [train.py:136]: Epoch 017, Learning Rate 0.000430467
2022-09-01 16:07:51,142: INFO: [train.py:247]: Train: Loss 0.6774, Raw Acc (99.58, 99.99), Crop Acc (90.63, 96.75), Drop Acc (95.14, 99.31), Time 290.17
2022-09-01 16:08:56,221: INFO: [train.py:302]: Valid: Val Loss 0.2313, Val Acc (94.99, 99.42), Time 65.08
2022-09-01 16:08:56,222: INFO: [train.py:303]: 
2022-09-01 16:08:57,279: INFO: [train.py:136]: Epoch 018, Learning Rate 0.000430467
2022-09-01 16:13:47,165: INFO: [train.py:247]: Train: Loss 0.6536, Raw Acc (99.65, 99.99), Crop Acc (90.91, 96.88), Drop Acc (95.30, 99.22), Time 289.89
2022-09-01 16:14:52,593: INFO: [train.py:302]: Valid: Val Loss 0.2222, Val Acc (95.41, 99.46), Time 65.43
2022-09-01 16:14:52,593: INFO: [train.py:303]: 
2022-09-01 16:14:53,619: INFO: [train.py:136]: Epoch 019, Learning Rate 0.00038742
2022-09-01 16:19:44,185: INFO: [train.py:247]: Train: Loss 0.6353, Raw Acc (99.66, 99.99), Crop Acc (91.72, 97.03), Drop Acc (95.60, 99.24), Time 290.57
2022-09-01 16:20:50,166: INFO: [train.py:302]: Valid: Val Loss 0.2192, Val Acc (95.47, 99.44), Time 65.98
2022-09-01 16:20:50,166: INFO: [train.py:303]: 
2022-09-01 16:20:51,256: INFO: [train.py:136]: Epoch 020, Learning Rate 0.00038742
2022-09-01 16:25:41,795: INFO: [train.py:247]: Train: Loss 0.6153, Raw Acc (99.73, 99.99), Crop Acc (91.85, 97.18), Drop Acc (96.02, 99.24), Time 290.54
2022-09-01 16:26:46,896: INFO: [train.py:302]: Valid: Val Loss 0.2082, Val Acc (95.44, 99.46), Time 65.10
2022-09-01 16:26:46,896: INFO: [train.py:303]: 
2022-09-01 16:26:46,897: INFO: [train.py:136]: Epoch 021, Learning Rate 0.000348678
2022-09-01 16:31:36,562: INFO: [train.py:247]: Train: Loss 0.6032, Raw Acc (99.72, 100.00), Crop Acc (92.33, 97.28), Drop Acc (95.85, 99.50), Time 289.67
2022-09-01 16:32:42,352: INFO: [train.py:302]: Valid: Val Loss 0.2013, Val Acc (95.62, 99.48), Time 65.79
2022-09-01 16:32:42,352: INFO: [train.py:303]: 
2022-09-01 16:32:43,362: INFO: [train.py:136]: Epoch 022, Learning Rate 0.000348678
2022-09-01 16:37:34,030: INFO: [train.py:247]: Train: Loss 0.5884, Raw Acc (99.74, 100.00), Crop Acc (92.53, 97.28), Drop Acc (95.95, 99.34), Time 290.67
2022-09-01 16:38:40,327: INFO: [train.py:302]: Valid: Val Loss 0.1995, Val Acc (95.69, 99.49), Time 66.29
2022-09-01 16:38:40,327: INFO: [train.py:303]: 
2022-09-01 16:38:41,330: INFO: [train.py:136]: Epoch 023, Learning Rate 0.000313811
2022-09-01 16:43:31,215: INFO: [train.py:247]: Train: Loss 0.5751, Raw Acc (99.76, 100.00), Crop Acc (93.16, 97.59), Drop Acc (96.04, 99.36), Time 289.88
2022-09-01 16:44:37,453: INFO: [train.py:302]: Valid: Val Loss 0.1933, Val Acc (95.82, 99.51), Time 66.23
2022-09-01 16:44:37,453: INFO: [train.py:303]: 
2022-09-01 16:44:38,441: INFO: [train.py:136]: Epoch 024, Learning Rate 0.000313811
2022-09-01 16:49:29,090: INFO: [train.py:247]: Train: Loss 0.5659, Raw Acc (99.84, 100.00), Crop Acc (93.07, 97.67), Drop Acc (96.00, 99.33), Time 290.65
2022-09-01 16:50:35,039: INFO: [train.py:302]: Valid: Val Loss 0.1907, Val Acc (95.83, 99.45), Time 65.95
2022-09-01 16:50:35,039: INFO: [train.py:303]: 
2022-09-01 16:50:36,099: INFO: [train.py:136]: Epoch 025, Learning Rate 0.00028243
2022-09-01 16:55:27,154: INFO: [train.py:247]: Train: Loss 0.5555, Raw Acc (99.84, 99.99), Crop Acc (93.43, 97.47), Drop Acc (96.22, 99.29), Time 291.05
2022-09-01 16:56:32,422: INFO: [train.py:302]: Valid: Val Loss 0.1871, Val Acc (95.86, 99.53), Time 65.26
2022-09-01 16:56:32,422: INFO: [train.py:303]: 
2022-09-01 16:56:33,445: INFO: [train.py:136]: Epoch 026, Learning Rate 0.00028243
2022-09-01 17:01:24,292: INFO: [train.py:247]: Train: Loss 0.5409, Raw Acc (99.82, 100.00), Crop Acc (93.82, 97.71), Drop Acc (96.43, 99.51), Time 290.85
2022-09-01 17:02:30,783: INFO: [train.py:302]: Valid: Val Loss 0.1847, Val Acc (95.97, 99.52), Time 66.49
2022-09-01 17:02:30,783: INFO: [train.py:303]: 
2022-09-01 17:02:31,838: INFO: [train.py:136]: Epoch 027, Learning Rate 0.000254187
2022-09-01 17:07:22,900: INFO: [train.py:247]: Train: Loss 0.5398, Raw Acc (99.83, 100.00), Crop Acc (93.82, 97.79), Drop Acc (96.20, 99.28), Time 291.06
2022-09-01 17:08:28,592: INFO: [train.py:302]: Valid: Val Loss 0.1793, Val Acc (96.08, 99.56), Time 65.69
2022-09-01 17:08:28,592: INFO: [train.py:303]: 
2022-09-01 17:08:29,632: INFO: [train.py:136]: Epoch 028, Learning Rate 0.000254187
2022-09-01 17:13:21,218: INFO: [train.py:247]: Train: Loss 0.5299, Raw Acc (99.88, 100.00), Crop Acc (93.86, 97.80), Drop Acc (96.40, 99.41), Time 291.59
2022-09-01 17:14:28,158: INFO: [train.py:302]: Valid: Val Loss 0.1796, Val Acc (96.10, 99.56), Time 66.94
2022-09-01 17:14:28,159: INFO: [train.py:303]: 
2022-09-01 17:14:29,186: INFO: [train.py:136]: Epoch 029, Learning Rate 0.000228768
2022-09-01 17:19:20,370: INFO: [train.py:247]: Train: Loss 0.5217, Raw Acc (99.89, 100.00), Crop Acc (94.15, 98.01), Drop Acc (96.90, 99.46), Time 291.18
2022-09-01 17:20:26,155: INFO: [train.py:302]: Valid: Val Loss 0.1731, Val Acc (96.23, 99.59), Time 65.78
2022-09-01 17:20:26,155: INFO: [train.py:303]: 
2022-09-01 17:20:27,190: INFO: [train.py:136]: Epoch 030, Learning Rate 0.000228768
2022-09-01 17:25:19,018: INFO: [train.py:247]: Train: Loss 0.5154, Raw Acc (99.90, 100.00), Crop Acc (94.40, 97.98), Drop Acc (96.78, 99.45), Time 291.83
2022-09-01 17:26:23,933: INFO: [train.py:302]: Valid: Val Loss 0.1730, Val Acc (96.03, 99.58), Time 64.91
2022-09-01 17:26:23,933: INFO: [train.py:303]: 
2022-09-01 17:26:23,934: INFO: [train.py:136]: Epoch 031, Learning Rate 0.000205891
2022-09-01 17:31:15,180: INFO: [train.py:247]: Train: Loss 0.5100, Raw Acc (99.84, 100.00), Crop Acc (94.14, 97.87), Drop Acc (96.83, 99.44), Time 291.25
2022-09-01 17:32:19,823: INFO: [train.py:302]: Valid: Val Loss 0.1711, Val Acc (96.22, 99.58), Time 64.64
2022-09-01 17:32:19,823: INFO: [train.py:303]: 
2022-09-01 17:32:19,824: INFO: [train.py:136]: Epoch 032, Learning Rate 0.000205891
2022-09-01 17:37:10,813: INFO: [train.py:247]: Train: Loss 0.5060, Raw Acc (99.89, 100.00), Crop Acc (94.39, 97.98), Drop Acc (96.72, 99.51), Time 290.99
2022-09-01 17:38:16,744: INFO: [train.py:302]: Valid: Val Loss 0.1679, Val Acc (96.30, 99.56), Time 65.93
2022-09-01 17:38:16,745: INFO: [train.py:303]: 
2022-09-01 17:38:17,752: INFO: [train.py:136]: Epoch 033, Learning Rate 0.000185302
2022-09-01 17:43:08,960: INFO: [train.py:247]: Train: Loss 0.4999, Raw Acc (99.92, 99.99), Crop Acc (94.02, 97.91), Drop Acc (97.08, 99.55), Time 291.21
2022-09-01 17:44:14,127: INFO: [train.py:302]: Valid: Val Loss 0.1677, Val Acc (96.32, 99.55), Time 65.16
2022-09-01 17:44:14,127: INFO: [train.py:303]: 
2022-09-01 17:44:15,274: INFO: [train.py:136]: Epoch 034, Learning Rate 0.000185302
2022-09-01 17:49:06,205: INFO: [train.py:247]: Train: Loss 0.4903, Raw Acc (99.93, 100.00), Crop Acc (94.74, 98.10), Drop Acc (96.89, 99.62), Time 290.93
2022-09-01 17:50:11,403: INFO: [train.py:302]: Valid: Val Loss 0.1667, Val Acc (96.22, 99.58), Time 65.20
2022-09-01 17:50:11,403: INFO: [train.py:303]: 
2022-09-01 17:50:11,404: INFO: [train.py:136]: Epoch 035, Learning Rate 0.000166772
2022-09-01 17:55:02,929: INFO: [train.py:247]: Train: Loss 0.4865, Raw Acc (99.91, 100.00), Crop Acc (95.12, 98.20), Drop Acc (96.90, 99.47), Time 291.52
2022-09-01 17:56:10,585: INFO: [train.py:302]: Valid: Val Loss 0.1647, Val Acc (96.24, 99.59), Time 67.65
2022-09-01 17:56:10,585: INFO: [train.py:303]: 
2022-09-01 17:56:10,585: INFO: [train.py:136]: Epoch 036, Learning Rate 0.000166772
2022-09-01 18:01:01,684: INFO: [train.py:247]: Train: Loss 0.4849, Raw Acc (99.93, 99.99), Crop Acc (94.82, 98.03), Drop Acc (96.88, 99.49), Time 291.10
2022-09-01 18:02:07,546: INFO: [train.py:302]: Valid: Val Loss 0.1627, Val Acc (96.46, 99.59), Time 65.86
2022-09-01 18:02:07,546: INFO: [train.py:303]: 
2022-09-01 18:02:08,566: INFO: [train.py:136]: Epoch 037, Learning Rate 0.000150095
2022-09-01 18:07:00,182: INFO: [train.py:247]: Train: Loss 0.4782, Raw Acc (99.93, 100.00), Crop Acc (94.92, 98.30), Drop Acc (96.85, 99.53), Time 291.62
2022-09-01 18:08:05,137: INFO: [train.py:302]: Valid: Val Loss 0.1628, Val Acc (96.34, 99.59), Time 64.95
2022-09-01 18:08:05,137: INFO: [train.py:303]: 
2022-09-01 18:08:05,138: INFO: [train.py:136]: Epoch 038, Learning Rate 0.000150095
2022-09-01 18:12:56,553: INFO: [train.py:247]: Train: Loss 0.4779, Raw Acc (99.95, 100.00), Crop Acc (95.01, 98.18), Drop Acc (96.79, 99.49), Time 291.41
2022-09-01 18:14:01,465: INFO: [train.py:302]: Valid: Val Loss 0.1597, Val Acc (96.42, 99.57), Time 64.91
2022-09-01 18:14:01,466: INFO: [train.py:303]: 
2022-09-01 18:14:01,466: INFO: [train.py:136]: Epoch 039, Learning Rate 0.000135085
2022-09-01 18:18:52,497: INFO: [train.py:247]: Train: Loss 0.4704, Raw Acc (99.91, 100.00), Crop Acc (95.27, 98.21), Drop Acc (97.28, 99.58), Time 291.03
2022-09-01 18:19:57,879: INFO: [train.py:302]: Valid: Val Loss 0.1583, Val Acc (96.43, 99.58), Time 65.38
2022-09-01 18:19:57,879: INFO: [train.py:303]: 
2022-09-01 18:19:57,880: INFO: [train.py:136]: Epoch 040, Learning Rate 0.000135085
2022-09-01 18:24:48,579: INFO: [train.py:247]: Train: Loss 0.4723, Raw Acc (99.96, 100.00), Crop Acc (95.19, 98.21), Drop Acc (96.98, 99.49), Time 290.70
2022-09-01 18:25:55,621: INFO: [train.py:302]: Valid: Val Loss 0.1596, Val Acc (96.41, 99.56), Time 67.04
2022-09-01 18:25:55,621: INFO: [train.py:303]: 
2022-09-01 18:25:55,622: INFO: [train.py:136]: Epoch 041, Learning Rate 0.000121577
2022-09-01 18:30:46,956: INFO: [train.py:247]: Train: Loss 0.4670, Raw Acc (99.93, 100.00), Crop Acc (95.00, 98.03), Drop Acc (97.34, 99.61), Time 291.33
2022-09-01 18:31:53,245: INFO: [train.py:302]: Valid: Val Loss 0.1565, Val Acc (96.53, 99.60), Time 66.29
2022-09-01 18:31:53,245: INFO: [train.py:303]: 
2022-09-01 18:31:54,250: INFO: [train.py:136]: Epoch 042, Learning Rate 0.000121577
2022-09-01 18:36:45,945: INFO: [train.py:247]: Train: Loss 0.4646, Raw Acc (99.90, 100.00), Crop Acc (95.27, 98.35), Drop Acc (97.11, 99.53), Time 291.69
2022-09-01 18:37:51,159: INFO: [train.py:302]: Valid: Val Loss 0.1572, Val Acc (96.42, 99.58), Time 65.21
2022-09-01 18:37:51,159: INFO: [train.py:303]: 
2022-09-01 18:37:51,160: INFO: [train.py:136]: Epoch 043, Learning Rate 0.000109419
2022-09-01 18:42:42,307: INFO: [train.py:247]: Train: Loss 0.4605, Raw Acc (99.94, 100.00), Crop Acc (95.44, 98.35), Drop Acc (97.05, 99.55), Time 291.15
2022-09-01 18:43:48,886: INFO: [train.py:302]: Valid: Val Loss 0.1560, Val Acc (96.45, 99.63), Time 66.58
2022-09-01 18:43:48,886: INFO: [train.py:303]: 
2022-09-01 18:43:48,887: INFO: [train.py:136]: Epoch 044, Learning Rate 0.000109419
2022-09-01 18:48:40,545: INFO: [train.py:247]: Train: Loss 0.4581, Raw Acc (99.94, 100.00), Crop Acc (95.36, 98.41), Drop Acc (97.12, 99.55), Time 291.66
2022-09-01 18:49:47,722: INFO: [train.py:302]: Valid: Val Loss 0.1555, Val Acc (96.47, 99.59), Time 67.18
2022-09-01 18:49:47,723: INFO: [train.py:303]: 
2022-09-01 18:49:47,724: INFO: [train.py:136]: Epoch 045, Learning Rate 9.84771e-05
2022-09-01 18:54:38,303: INFO: [train.py:247]: Train: Loss 0.4582, Raw Acc (99.94, 100.00), Crop Acc (95.30, 98.24), Drop Acc (97.26, 99.59), Time 290.58
2022-09-01 18:55:44,485: INFO: [train.py:302]: Valid: Val Loss 0.1542, Val Acc (96.57, 99.63), Time 66.18
2022-09-01 18:55:44,485: INFO: [train.py:303]: 
2022-09-01 18:55:45,554: INFO: [train.py:136]: Epoch 046, Learning Rate 9.84771e-05
2022-09-01 19:00:36,534: INFO: [train.py:247]: Train: Loss 0.4589, Raw Acc (99.93, 100.00), Crop Acc (95.10, 98.21), Drop Acc (97.36, 99.61), Time 290.98
2022-09-01 19:01:40,183: INFO: [train.py:302]: Valid: Val Loss 0.1547, Val Acc (96.45, 99.63), Time 63.65
2022-09-01 19:01:40,183: INFO: [train.py:303]: 
2022-09-01 19:01:40,184: INFO: [train.py:136]: Epoch 047, Learning Rate 8.86294e-05
2022-09-01 19:06:30,510: INFO: [train.py:247]: Train: Loss 0.4490, Raw Acc (99.97, 100.00), Crop Acc (95.60, 98.34), Drop Acc (97.44, 99.61), Time 290.33
2022-09-01 19:07:34,257: INFO: [train.py:302]: Valid: Val Loss 0.1545, Val Acc (96.57, 99.62), Time 63.74
2022-09-01 19:07:34,257: INFO: [train.py:303]: 
2022-09-01 19:07:34,257: INFO: [train.py:136]: Epoch 048, Learning Rate 8.86294e-05
2022-09-01 19:12:24,994: INFO: [train.py:247]: Train: Loss 0.4537, Raw Acc (99.93, 100.00), Crop Acc (95.36, 98.14), Drop Acc (97.02, 99.59), Time 290.74
2022-09-01 19:13:29,577: INFO: [train.py:302]: Valid: Val Loss 0.1530, Val Acc (96.59, 99.61), Time 64.58
2022-09-01 19:13:29,578: INFO: [train.py:303]: 
2022-09-01 19:13:30,635: INFO: [train.py:136]: Epoch 049, Learning Rate 7.97664e-05
2022-09-01 19:18:21,506: INFO: [train.py:247]: Train: Loss 0.4490, Raw Acc (99.96, 100.00), Crop Acc (95.43, 98.35), Drop Acc (97.40, 99.56), Time 290.87
2022-09-01 19:19:26,619: INFO: [train.py:302]: Valid: Val Loss 0.1547, Val Acc (96.49, 99.61), Time 65.11
2022-09-01 19:19:26,620: INFO: [train.py:303]: 
2022-09-01 19:19:26,620: INFO: [train.py:136]: Epoch 050, Learning Rate 7.97664e-05
2022-09-01 19:24:17,571: INFO: [train.py:247]: Train: Loss 0.4453, Raw Acc (99.93, 100.00), Crop Acc (95.55, 98.43), Drop Acc (97.33, 99.61), Time 290.95
2022-09-01 19:25:22,497: INFO: [train.py:302]: Valid: Val Loss 0.1508, Val Acc (96.53, 99.60), Time 64.92
2022-09-01 19:25:22,498: INFO: [train.py:303]: 
2022-09-01 19:25:22,498: INFO: [train.py:136]: Epoch 051, Learning Rate 7.17898e-05
2022-09-01 19:30:13,009: INFO: [train.py:247]: Train: Loss 0.4446, Raw Acc (99.95, 100.00), Crop Acc (95.72, 98.21), Drop Acc (97.52, 99.59), Time 290.51
