2022-08-22 21:22:47,676: INFO: [inception.py:177]: Inception3: All params loaded
2022-08-22 21:22:52,822: INFO: [inception.py:177]: Inception3: All params loaded
2022-08-22 21:22:54,230: INFO: [wsdan.py:146]: WSDAN: using inception_mixed_6e as feature extractor, num_classes: 196, num_attentions: 32
2022-08-22 21:22:57,639: INFO: [train.py:93]: Network weights save to /home/FGVC/StanfordCars/ckpt/
2022-08-22 21:22:57,813: INFO: [train.py:126]: Start training: Total epochs: 160, Batch size: 12, Training size: 8144, Validation size: 8041
2022-08-22 21:22:57,813: INFO: [train.py:128]: 
2022-08-22 21:22:57,813: INFO: [train.py:136]: Epoch 001, Learning Rate 0.001
2022-08-22 21:30:52,724: INFO: [train.py:247]: Train: Loss 6.4262, Raw Acc (8.39, 23.04), Crop Acc (5.00, 15.73), Drop Acc (5.60, 17.19), Time 474.90
2022-08-22 21:32:03,980: INFO: [train.py:302]: Valid: Val Loss 3.9152, Val Acc (22.52, 49.87), Time 71.25
2022-08-22 21:32:03,980: INFO: [train.py:303]: 
2022-08-22 21:32:04,477: INFO: [train.py:136]: Epoch 002, Learning Rate 0.001
2022-08-22 21:39:56,129: INFO: [train.py:247]: Train: Loss 4.4626, Raw Acc (34.28, 65.00), Crop Acc (18.54, 41.85), Drop Acc (22.46, 48.62), Time 471.65
2022-08-22 21:41:04,653: INFO: [train.py:302]: Valid: Val Loss 2.0066, Val Acc (52.83, 82.34), Time 68.52
2022-08-22 21:41:04,653: INFO: [train.py:303]: 
2022-08-22 21:41:05,587: INFO: [train.py:136]: Epoch 003, Learning Rate 0.0009
2022-08-22 21:48:55,470: INFO: [train.py:247]: Train: Loss 2.8598, Raw Acc (61.74, 88.15), Crop Acc (35.85, 63.70), Drop Acc (42.60, 72.34), Time 469.88
2022-08-22 21:50:03,663: INFO: [train.py:302]: Valid: Val Loss 0.9887, Val Acc (73.62, 94.02), Time 68.19
2022-08-22 21:50:03,663: INFO: [train.py:303]: 
2022-08-22 21:50:04,579: INFO: [train.py:136]: Epoch 004, Learning Rate 0.0009
2022-08-22 21:58:00,796: INFO: [train.py:247]: Train: Loss 2.1645, Raw Acc (75.33, 94.92), Crop Acc (47.13, 73.92), Drop Acc (54.58, 82.05), Time 476.22
2022-08-22 21:59:08,771: INFO: [train.py:302]: Valid: Val Loss 0.7631, Val Acc (80.55, 96.56), Time 67.97
2022-08-22 21:59:08,771: INFO: [train.py:303]: 
2022-08-22 21:59:09,970: INFO: [train.py:136]: Epoch 005, Learning Rate 0.00081
2022-08-22 22:07:02,721: INFO: [train.py:247]: Train: Loss 1.5983, Raw Acc (84.81, 98.18), Crop Acc (58.37, 82.18), Drop Acc (65.43, 89.28), Time 472.75
2022-08-22 22:08:12,476: INFO: [train.py:302]: Valid: Val Loss 0.5915, Val Acc (83.68, 97.82), Time 69.75
2022-08-22 22:08:12,476: INFO: [train.py:303]: 
2022-08-22 22:08:13,387: INFO: [train.py:136]: Epoch 006, Learning Rate 0.00081
2022-08-22 22:16:07,360: INFO: [train.py:247]: Train: Loss 1.4026, Raw Acc (88.24, 98.97), Crop Acc (62.76, 85.40), Drop Acc (69.38, 90.62), Time 473.97
2022-08-22 22:17:15,656: INFO: [train.py:302]: Valid: Val Loss 0.4412, Val Acc (88.15, 98.68), Time 68.29
2022-08-22 22:17:15,656: INFO: [train.py:303]: 
2022-08-22 22:17:16,573: INFO: [train.py:136]: Epoch 007, Learning Rate 0.000729
2022-08-22 22:25:08,913: INFO: [train.py:247]: Train: Loss 1.1186, Raw Acc (92.34, 99.61), Crop Acc (70.08, 88.75), Drop Acc (76.06, 94.07), Time 472.34
2022-08-22 22:26:17,458: INFO: [train.py:302]: Valid: Val Loss 0.3978, Val Acc (89.38, 98.84), Time 68.54
2022-08-22 22:26:17,458: INFO: [train.py:303]: 
2022-08-22 22:26:18,369: INFO: [train.py:136]: Epoch 008, Learning Rate 0.000729
2022-08-22 22:34:14,008: INFO: [train.py:247]: Train: Loss 0.9968, Raw Acc (94.35, 99.75), Crop Acc (73.02, 91.23), Drop Acc (78.81, 94.77), Time 475.64
2022-08-22 22:35:22,971: INFO: [train.py:302]: Valid: Val Loss 0.3939, Val Acc (90.05, 98.77), Time 68.95
2022-08-22 22:35:22,971: INFO: [train.py:303]: 
2022-08-22 22:35:24,120: INFO: [train.py:136]: Epoch 009, Learning Rate 0.0006561
2022-08-22 22:43:17,269: INFO: [train.py:247]: Train: Loss 0.8584, Raw Acc (95.63, 99.91), Crop Acc (76.41, 92.39), Drop Acc (81.19, 96.28), Time 473.15
2022-08-22 22:44:26,143: INFO: [train.py:302]: Valid: Val Loss 0.3422, Val Acc (91.29, 99.19), Time 68.87
2022-08-22 22:44:26,144: INFO: [train.py:303]: 
2022-08-22 22:44:27,671: INFO: [train.py:136]: Epoch 010, Learning Rate 0.0006561
2022-08-22 22:52:18,164: INFO: [train.py:247]: Train: Loss 0.7990, Raw Acc (96.17, 99.98), Crop Acc (78.99, 94.02), Drop Acc (82.36, 96.08), Time 470.49
2022-08-22 22:53:26,560: INFO: [train.py:302]: Valid: Val Loss 0.3442, Val Acc (91.11, 99.07), Time 68.39
2022-08-22 22:53:26,560: INFO: [train.py:303]: 
2022-08-22 22:53:26,561: INFO: [train.py:136]: Epoch 011, Learning Rate 0.00059049
2022-08-22 23:01:18,309: INFO: [train.py:247]: Train: Loss 0.6994, Raw Acc (97.03, 99.96), Crop Acc (81.85, 94.95), Drop Acc (83.64, 96.83), Time 471.75
2022-08-22 23:02:26,665: INFO: [train.py:302]: Valid: Val Loss 0.3011, Val Acc (92.00, 99.29), Time 68.35
2022-08-22 23:02:26,665: INFO: [train.py:303]: 
2022-08-22 23:02:27,532: INFO: [train.py:136]: Epoch 012, Learning Rate 0.00059049
2022-08-22 23:10:25,796: INFO: [train.py:247]: Train: Loss 0.6620, Raw Acc (97.37, 100.00), Crop Acc (83.18, 95.65), Drop Acc (84.84, 96.53), Time 478.26
2022-08-22 23:11:34,148: INFO: [train.py:302]: Valid: Val Loss 0.3096, Val Acc (92.23, 99.19), Time 68.35
2022-08-22 23:11:34,148: INFO: [train.py:303]: 
2022-08-22 23:11:35,090: INFO: [train.py:136]: Epoch 013, Learning Rate 0.000531441
2022-08-22 23:19:26,775: INFO: [train.py:247]: Train: Loss 0.5773, Raw Acc (98.19, 100.00), Crop Acc (85.50, 96.62), Drop Acc (87.13, 97.85), Time 471.68
2022-08-22 23:20:34,939: INFO: [train.py:302]: Valid: Val Loss 0.3019, Val Acc (92.39, 99.37), Time 68.16
2022-08-22 23:20:34,940: INFO: [train.py:303]: 
2022-08-22 23:20:35,854: INFO: [train.py:136]: Epoch 014, Learning Rate 0.000531441
2022-08-22 23:28:27,450: INFO: [train.py:247]: Train: Loss 0.5648, Raw Acc (97.95, 99.99), Crop Acc (85.94, 96.81), Drop Acc (86.87, 97.45), Time 471.60
2022-08-22 23:29:35,962: INFO: [train.py:302]: Valid: Val Loss 0.2932, Val Acc (92.70, 99.22), Time 68.51
2022-08-22 23:29:35,962: INFO: [train.py:303]: 
2022-08-22 23:29:37,069: INFO: [train.py:136]: Epoch 015, Learning Rate 0.000478297
2022-08-22 23:37:30,451: INFO: [train.py:247]: Train: Loss 0.5063, Raw Acc (98.61, 100.00), Crop Acc (88.29, 97.41), Drop Acc (87.71, 97.88), Time 473.38
2022-08-22 23:38:39,101: INFO: [train.py:302]: Valid: Val Loss 0.2809, Val Acc (93.00, 99.37), Time 68.65
2022-08-22 23:38:39,102: INFO: [train.py:303]: 
2022-08-22 23:38:40,662: INFO: [train.py:136]: Epoch 016, Learning Rate 0.000478297
2022-08-22 23:46:32,348: INFO: [train.py:247]: Train: Loss 0.4753, Raw Acc (98.71, 99.99), Crop Acc (89.11, 97.50), Drop Acc (88.63, 98.08), Time 471.69
2022-08-22 23:47:41,271: INFO: [train.py:302]: Valid: Val Loss 0.2802, Val Acc (92.49, 99.33), Time 68.92
2022-08-22 23:47:41,271: INFO: [train.py:303]: 
2022-08-22 23:47:41,272: INFO: [train.py:136]: Epoch 017, Learning Rate 0.000430467
2022-08-22 23:55:32,066: INFO: [train.py:247]: Train: Loss 0.4439, Raw Acc (98.78, 100.00), Crop Acc (90.00, 97.99), Drop Acc (89.17, 98.17), Time 470.79
2022-08-22 23:56:40,681: INFO: [train.py:302]: Valid: Val Loss 0.2782, Val Acc (92.84, 99.34), Time 68.61
2022-08-22 23:56:40,681: INFO: [train.py:303]: 
2022-08-22 23:56:40,682: INFO: [train.py:136]: Epoch 018, Learning Rate 0.000430467
2022-08-23 00:04:31,937: INFO: [train.py:247]: Train: Loss 0.4303, Raw Acc (98.92, 100.00), Crop Acc (90.90, 97.90), Drop Acc (89.34, 98.21), Time 471.25
2022-08-23 00:05:40,355: INFO: [train.py:302]: Valid: Val Loss 0.2766, Val Acc (92.60, 99.35), Time 68.41
2022-08-23 00:05:40,356: INFO: [train.py:303]: 
2022-08-23 00:05:40,356: INFO: [train.py:136]: Epoch 019, Learning Rate 0.00038742
2022-08-23 00:13:32,388: INFO: [train.py:247]: Train: Loss 0.4027, Raw Acc (99.14, 100.00), Crop Acc (91.22, 98.43), Drop Acc (90.26, 98.34), Time 472.03
2022-08-23 00:14:40,577: INFO: [train.py:302]: Valid: Val Loss 0.2617, Val Acc (93.14, 99.34), Time 68.18
2022-08-23 00:14:40,577: INFO: [train.py:303]: 
2022-08-23 00:14:41,472: INFO: [train.py:136]: Epoch 020, Learning Rate 0.00038742
2022-08-23 00:22:32,592: INFO: [train.py:247]: Train: Loss 0.3827, Raw Acc (99.30, 100.00), Crop Acc (91.99, 98.50), Drop Acc (90.64, 98.43), Time 471.12
2022-08-23 00:23:40,972: INFO: [train.py:302]: Valid: Val Loss 0.2509, Val Acc (93.53, 99.50), Time 68.37
2022-08-23 00:23:40,972: INFO: [train.py:303]: 
2022-08-23 00:23:41,934: INFO: [train.py:136]: Epoch 021, Learning Rate 0.000348678
2022-08-23 00:31:34,151: INFO: [train.py:247]: Train: Loss 0.3614, Raw Acc (99.40, 100.00), Crop Acc (92.89, 98.81), Drop Acc (91.16, 98.55), Time 472.22
2022-08-23 00:32:42,576: INFO: [train.py:302]: Valid: Val Loss 0.2523, Val Acc (93.43, 99.40), Time 68.42
2022-08-23 00:32:42,577: INFO: [train.py:303]: 
2022-08-23 00:32:42,577: INFO: [train.py:136]: Epoch 022, Learning Rate 0.000348678
2022-08-23 00:40:35,765: INFO: [train.py:247]: Train: Loss 0.3553, Raw Acc (99.30, 100.00), Crop Acc (93.09, 98.72), Drop Acc (91.04, 98.45), Time 473.19
2022-08-23 00:41:44,158: INFO: [train.py:302]: Valid: Val Loss 0.2450, Val Acc (93.60, 99.43), Time 68.39
2022-08-23 00:41:44,158: INFO: [train.py:303]: 
2022-08-23 00:41:45,316: INFO: [train.py:136]: Epoch 023, Learning Rate 0.000313811
2022-08-23 00:49:37,294: INFO: [train.py:247]: Train: Loss 0.3349, Raw Acc (99.44, 100.00), Crop Acc (93.61, 98.91), Drop Acc (92.07, 98.72), Time 471.98
2022-08-23 00:50:45,814: INFO: [train.py:302]: Valid: Val Loss 0.2468, Val Acc (93.68, 99.49), Time 68.51
2022-08-23 00:50:45,814: INFO: [train.py:303]: 
2022-08-23 00:50:46,707: INFO: [train.py:136]: Epoch 024, Learning Rate 0.000313811
2022-08-23 00:58:39,780: INFO: [train.py:247]: Train: Loss 0.3203, Raw Acc (99.61, 100.00), Crop Acc (94.44, 99.01), Drop Acc (91.88, 98.69), Time 473.07
2022-08-23 00:59:48,195: INFO: [train.py:302]: Valid: Val Loss 0.2396, Val Acc (93.86, 99.53), Time 68.41
2022-08-23 00:59:48,195: INFO: [train.py:303]: 
2022-08-23 00:59:49,207: INFO: [train.py:136]: Epoch 025, Learning Rate 0.00028243
2022-08-23 01:07:42,764: INFO: [train.py:247]: Train: Loss 0.3137, Raw Acc (99.53, 100.00), Crop Acc (94.11, 99.21), Drop Acc (92.10, 98.81), Time 473.56
2022-08-23 01:08:50,971: INFO: [train.py:302]: Valid: Val Loss 0.2416, Val Acc (93.45, 99.42), Time 68.20
2022-08-23 01:08:50,971: INFO: [train.py:303]: 
2022-08-23 01:08:50,971: INFO: [train.py:136]: Epoch 026, Learning Rate 0.00028243
2022-08-23 01:16:43,126: INFO: [train.py:247]: Train: Loss 0.3053, Raw Acc (99.48, 100.00), Crop Acc (94.71, 99.28), Drop Acc (92.02, 98.66), Time 472.15
2022-08-23 01:17:51,370: INFO: [train.py:302]: Valid: Val Loss 0.2443, Val Acc (93.73, 99.53), Time 68.24
2022-08-23 01:17:51,371: INFO: [train.py:303]: 
2022-08-23 01:17:51,371: INFO: [train.py:136]: Epoch 027, Learning Rate 0.000254187
2022-08-23 01:25:46,070: INFO: [train.py:247]: Train: Loss 0.2893, Raw Acc (99.69, 100.00), Crop Acc (94.89, 99.28), Drop Acc (92.67, 98.96), Time 474.70
2022-08-23 01:26:54,881: INFO: [train.py:302]: Valid: Val Loss 0.2292, Val Acc (94.02, 99.58), Time 68.81
2022-08-23 01:26:54,881: INFO: [train.py:303]: 
2022-08-23 01:26:55,813: INFO: [train.py:136]: Epoch 028, Learning Rate 0.000254187
2022-08-23 01:34:45,826: INFO: [train.py:247]: Train: Loss 0.2811, Raw Acc (99.61, 100.00), Crop Acc (95.46, 99.21), Drop Acc (93.32, 98.94), Time 470.01
2022-08-23 01:35:54,178: INFO: [train.py:302]: Valid: Val Loss 0.2455, Val Acc (93.56, 99.40), Time 68.35
2022-08-23 01:35:54,178: INFO: [train.py:303]: 
2022-08-23 01:35:54,179: INFO: [train.py:136]: Epoch 029, Learning Rate 0.000228768
2022-08-23 01:43:46,037: INFO: [train.py:247]: Train: Loss 0.2744, Raw Acc (99.68, 100.00), Crop Acc (95.08, 99.24), Drop Acc (93.15, 99.18), Time 471.86
2022-08-23 01:44:54,969: INFO: [train.py:302]: Valid: Val Loss 0.2305, Val Acc (93.81, 99.45), Time 68.93
2022-08-23 01:44:54,969: INFO: [train.py:303]: 
2022-08-23 01:44:54,970: INFO: [train.py:136]: Epoch 030, Learning Rate 0.000228768
2022-08-23 01:52:47,340: INFO: [train.py:247]: Train: Loss 0.2674, Raw Acc (99.74, 100.00), Crop Acc (95.71, 99.34), Drop Acc (93.07, 98.92), Time 472.37
2022-08-23 01:53:55,981: INFO: [train.py:302]: Valid: Val Loss 0.2297, Val Acc (94.23, 99.44), Time 68.64
2022-08-23 01:53:55,981: INFO: [train.py:303]: 
2022-08-23 01:53:57,349: INFO: [train.py:136]: Epoch 031, Learning Rate 0.000205891
2022-08-23 02:01:56,383: INFO: [train.py:247]: Train: Loss 0.2552, Raw Acc (99.69, 100.00), Crop Acc (95.91, 99.56), Drop Acc (93.74, 98.94), Time 479.03
2022-08-23 02:03:04,658: INFO: [train.py:302]: Valid: Val Loss 0.2344, Val Acc (93.96, 99.44), Time 68.27
2022-08-23 02:03:04,658: INFO: [train.py:303]: 
2022-08-23 02:03:04,658: INFO: [train.py:136]: Epoch 032, Learning Rate 0.000205891
2022-08-23 02:10:55,812: INFO: [train.py:247]: Train: Loss 0.2535, Raw Acc (99.72, 100.00), Crop Acc (96.25, 99.45), Drop Acc (93.55, 99.05), Time 471.15
2022-08-23 02:12:04,102: INFO: [train.py:302]: Valid: Val Loss 0.2313, Val Acc (94.07, 99.45), Time 68.28
2022-08-23 02:12:04,102: INFO: [train.py:303]: 
2022-08-23 02:12:04,103: INFO: [train.py:136]: Epoch 033, Learning Rate 0.000185302
2022-08-23 02:20:01,541: INFO: [train.py:247]: Train: Loss 0.2451, Raw Acc (99.71, 100.00), Crop Acc (96.30, 99.47), Drop Acc (93.76, 99.07), Time 477.44
2022-08-23 02:21:11,170: INFO: [train.py:302]: Valid: Val Loss 0.2247, Val Acc (94.04, 99.53), Time 69.62
2022-08-23 02:21:11,170: INFO: [train.py:303]: 
2022-08-23 02:21:11,170: INFO: [train.py:136]: Epoch 034, Learning Rate 0.000185302
2022-08-23 02:29:04,980: INFO: [train.py:247]: Train: Loss 0.2434, Raw Acc (99.73, 100.00), Crop Acc (96.48, 99.59), Drop Acc (93.64, 99.04), Time 473.81
2022-08-23 02:30:13,565: INFO: [train.py:302]: Valid: Val Loss 0.2208, Val Acc (94.14, 99.49), Time 68.58
2022-08-23 02:30:13,565: INFO: [train.py:303]: 
2022-08-23 02:30:13,566: INFO: [train.py:136]: Epoch 035, Learning Rate 0.000166772
2022-08-23 02:38:07,462: INFO: [train.py:247]: Train: Loss 0.2297, Raw Acc (99.75, 100.00), Crop Acc (96.72, 99.57), Drop Acc (94.01, 99.29), Time 473.90
2022-08-23 02:39:16,090: INFO: [train.py:302]: Valid: Val Loss 0.2191, Val Acc (94.42, 99.50), Time 68.62
2022-08-23 02:39:16,090: INFO: [train.py:303]: 
2022-08-23 02:39:17,667: INFO: [train.py:136]: Epoch 036, Learning Rate 0.000166772
2022-08-23 02:47:15,935: INFO: [train.py:247]: Train: Loss 0.2353, Raw Acc (99.69, 100.00), Crop Acc (96.68, 99.57), Drop Acc (94.08, 99.10), Time 478.27
2022-08-23 02:48:25,368: INFO: [train.py:302]: Valid: Val Loss 0.2185, Val Acc (94.22, 99.50), Time 69.43
2022-08-23 02:48:25,368: INFO: [train.py:303]: 
2022-08-23 02:48:25,369: INFO: [train.py:136]: Epoch 037, Learning Rate 0.000150095
2022-08-23 02:56:20,706: INFO: [train.py:247]: Train: Loss 0.2253, Raw Acc (99.68, 100.00), Crop Acc (96.76, 99.56), Drop Acc (94.08, 99.24), Time 475.34
2022-08-23 02:57:29,449: INFO: [train.py:302]: Valid: Val Loss 0.2205, Val Acc (94.15, 99.56), Time 68.74
2022-08-23 02:57:29,449: INFO: [train.py:303]: 
2022-08-23 02:57:29,449: INFO: [train.py:136]: Epoch 038, Learning Rate 0.000150095
2022-08-23 03:05:24,382: INFO: [train.py:247]: Train: Loss 0.2232, Raw Acc (99.63, 100.00), Crop Acc (97.11, 99.58), Drop Acc (94.19, 99.26), Time 474.93
2022-08-23 03:06:32,951: INFO: [train.py:302]: Valid: Val Loss 0.2233, Val Acc (94.22, 99.43), Time 68.56
2022-08-23 03:06:32,951: INFO: [train.py:303]: 
2022-08-23 03:06:32,951: INFO: [train.py:136]: Epoch 039, Learning Rate 0.000135085
2022-08-23 03:14:26,259: INFO: [train.py:247]: Train: Loss 0.2204, Raw Acc (99.67, 100.00), Crop Acc (97.08, 99.59), Drop Acc (94.02, 99.23), Time 473.31
2022-08-23 03:15:34,658: INFO: [train.py:302]: Valid: Val Loss 0.2192, Val Acc (94.29, 99.47), Time 68.39
2022-08-23 03:15:34,658: INFO: [train.py:303]: 
2022-08-23 03:15:34,659: INFO: [train.py:136]: Epoch 040, Learning Rate 0.000135085
2022-08-23 03:23:30,804: INFO: [train.py:247]: Train: Loss 0.2187, Raw Acc (99.78, 100.00), Crop Acc (97.00, 99.59), Drop Acc (94.03, 99.24), Time 476.14
2022-08-23 03:24:39,192: INFO: [train.py:302]: Valid: Val Loss 0.2185, Val Acc (94.37, 99.44), Time 68.38
2022-08-23 03:24:39,192: INFO: [train.py:303]: 
2022-08-23 03:24:39,192: INFO: [train.py:136]: Epoch 041, Learning Rate 0.000121577
2022-08-23 03:32:37,744: INFO: [train.py:247]: Train: Loss 0.2117, Raw Acc (99.73, 100.00), Crop Acc (97.34, 99.71), Drop Acc (94.46, 99.21), Time 478.55
2022-08-23 03:34:03,262: INFO: [train.py:302]: Valid: Val Loss 0.2263, Val Acc (94.14, 99.39), Time 85.51
2022-08-23 03:34:03,263: INFO: [train.py:303]: 
2022-08-23 03:34:03,263: INFO: [train.py:136]: Epoch 042, Learning Rate 0.000121577
2022-08-23 03:42:21,131: INFO: [train.py:247]: Train: Loss 0.2118, Raw Acc (99.73, 100.00), Crop Acc (97.27, 99.64), Drop Acc (94.13, 99.17), Time 497.87
2022-08-23 03:43:29,159: INFO: [train.py:302]: Valid: Val Loss 0.2187, Val Acc (94.54, 99.49), Time 68.02
2022-08-23 03:43:29,159: INFO: [train.py:303]: 
2022-08-23 03:43:30,525: INFO: [train.py:136]: Epoch 043, Learning Rate 0.000109419
2022-08-23 03:51:32,191: INFO: [train.py:247]: Train: Loss 0.2106, Raw Acc (99.67, 100.00), Crop Acc (97.20, 99.67), Drop Acc (94.45, 99.23), Time 481.66
2022-08-23 03:52:40,453: INFO: [train.py:302]: Valid: Val Loss 0.2138, Val Acc (94.50, 99.48), Time 68.26
2022-08-23 03:52:40,454: INFO: [train.py:303]: 
2022-08-23 03:52:40,454: INFO: [train.py:136]: Epoch 044, Learning Rate 0.000109419
2022-08-23 04:01:01,551: INFO: [train.py:247]: Train: Loss 0.2034, Raw Acc (99.68, 100.00), Crop Acc (97.30, 99.74), Drop Acc (94.36, 99.30), Time 501.10
2022-08-23 04:02:10,182: INFO: [train.py:302]: Valid: Val Loss 0.2179, Val Acc (94.50, 99.44), Time 68.62
2022-08-23 04:02:10,182: INFO: [train.py:303]: 
2022-08-23 04:02:10,182: INFO: [train.py:136]: Epoch 045, Learning Rate 9.84771e-05
2022-08-23 04:10:27,727: INFO: [train.py:247]: Train: Loss 0.2056, Raw Acc (99.73, 100.00), Crop Acc (97.51, 99.67), Drop Acc (94.34, 99.08), Time 497.54
2022-08-23 04:11:36,527: INFO: [train.py:302]: Valid: Val Loss 0.2226, Val Acc (94.19, 99.39), Time 68.79
2022-08-23 04:11:36,527: INFO: [train.py:303]: 
2022-08-23 04:11:36,528: INFO: [train.py:136]: Epoch 046, Learning Rate 9.84771e-05
2022-08-23 04:19:57,717: INFO: [train.py:247]: Train: Loss 0.2057, Raw Acc (99.68, 100.00), Crop Acc (97.05, 99.63), Drop Acc (94.66, 99.10), Time 501.19
2022-08-23 04:21:08,771: INFO: [train.py:302]: Valid: Val Loss 0.2128, Val Acc (94.50, 99.47), Time 71.05
2022-08-23 04:21:08,771: INFO: [train.py:303]: 
2022-08-23 04:21:08,771: INFO: [train.py:136]: Epoch 047, Learning Rate 8.86294e-05
2022-08-23 04:29:49,400: INFO: [train.py:247]: Train: Loss 0.1990, Raw Acc (99.74, 100.00), Crop Acc (97.50, 99.73), Drop Acc (94.61, 99.15), Time 520.63
2022-08-23 04:30:59,571: INFO: [train.py:302]: Valid: Val Loss 0.2164, Val Acc (94.53, 99.45), Time 70.17
2022-08-23 04:30:59,572: INFO: [train.py:303]: 
2022-08-23 04:30:59,572: INFO: [train.py:136]: Epoch 048, Learning Rate 8.86294e-05
2022-08-23 04:39:14,771: INFO: [train.py:247]: Train: Loss 0.1926, Raw Acc (99.78, 100.00), Crop Acc (97.68, 99.80), Drop Acc (94.88, 99.29), Time 495.20
2022-08-23 04:40:25,182: INFO: [train.py:302]: Valid: Val Loss 0.2157, Val Acc (94.49, 99.53), Time 70.41
2022-08-23 04:40:25,182: INFO: [train.py:303]: 
2022-08-23 04:40:25,182: INFO: [train.py:136]: Epoch 049, Learning Rate 7.97664e-05
2022-08-23 04:48:26,545: INFO: [train.py:247]: Train: Loss 0.1936, Raw Acc (99.74, 100.00), Crop Acc (97.64, 99.77), Drop Acc (94.78, 99.24), Time 481.36
2022-08-23 04:49:35,366: INFO: [train.py:302]: Valid: Val Loss 0.2127, Val Acc (94.53, 99.50), Time 68.82
2022-08-23 04:49:35,366: INFO: [train.py:303]: 
2022-08-23 04:49:35,367: INFO: [train.py:136]: Epoch 050, Learning Rate 7.97664e-05
2022-08-23 04:57:36,569: INFO: [train.py:247]: Train: Loss 0.1937, Raw Acc (99.75, 100.00), Crop Acc (97.61, 99.71), Drop Acc (94.67, 99.19), Time 481.20
2022-08-23 04:58:45,683: INFO: [train.py:302]: Valid: Val Loss 0.2139, Val Acc (94.64, 99.53), Time 69.11
2022-08-23 04:58:45,683: INFO: [train.py:303]: 
2022-08-23 04:58:46,576: INFO: [train.py:136]: Epoch 051, Learning Rate 7.17898e-05
2022-08-23 05:07:02,618: INFO: [train.py:247]: Train: Loss 0.1935, Raw Acc (99.82, 100.00), Crop Acc (97.72, 99.73), Drop Acc (94.57, 99.25), Time 496.04
2022-08-23 05:08:12,549: INFO: [train.py:302]: Valid: Val Loss 0.2132, Val Acc (94.63, 99.50), Time 69.92
2022-08-23 05:08:12,549: INFO: [train.py:303]: 
2022-08-23 05:08:12,550: INFO: [train.py:136]: Epoch 052, Learning Rate 7.17898e-05
2022-08-23 05:16:07,827: INFO: [train.py:247]: Train: Loss 0.1888, Raw Acc (99.79, 100.00), Crop Acc (97.79, 99.79), Drop Acc (94.56, 99.35), Time 475.28
2022-08-23 05:17:16,415: INFO: [train.py:302]: Valid: Val Loss 0.2155, Val Acc (94.44, 99.49), Time 68.58
2022-08-23 05:17:16,415: INFO: [train.py:303]: 
2022-08-23 05:17:16,416: INFO: [train.py:136]: Epoch 053, Learning Rate 6.46108e-05
2022-08-23 05:25:11,166: INFO: [train.py:247]: Train: Loss 0.1906, Raw Acc (99.75, 100.00), Crop Acc (97.77, 99.67), Drop Acc (94.70, 99.17), Time 474.75
2022-08-23 05:26:19,576: INFO: [train.py:302]: Valid: Val Loss 0.2128, Val Acc (94.60, 99.49), Time 68.40
2022-08-23 05:26:19,576: INFO: [train.py:303]: 
2022-08-23 05:26:19,576: INFO: [train.py:136]: Epoch 054, Learning Rate 6.46108e-05
2022-08-23 05:34:12,875: INFO: [train.py:247]: Train: Loss 0.1906, Raw Acc (99.72, 100.00), Crop Acc (97.59, 99.61), Drop Acc (94.70, 99.36), Time 473.30
2022-08-23 05:35:21,959: INFO: [train.py:302]: Valid: Val Loss 0.2172, Val Acc (94.44, 99.47), Time 69.08
2022-08-23 05:35:21,959: INFO: [train.py:303]: 
2022-08-23 05:35:21,960: INFO: [train.py:136]: Epoch 055, Learning Rate 5.81497e-05
2022-08-23 05:43:18,299: INFO: [train.py:247]: Train: Loss 0.1852, Raw Acc (99.78, 100.00), Crop Acc (97.86, 99.79), Drop Acc (94.70, 99.37), Time 476.34
2022-08-23 05:44:26,789: INFO: [train.py:302]: Valid: Val Loss 0.2157, Val Acc (94.40, 99.49), Time 68.48
2022-08-23 05:44:26,789: INFO: [train.py:303]: 
2022-08-23 05:44:26,790: INFO: [train.py:136]: Epoch 056, Learning Rate 5.81497e-05
2022-08-23 05:52:20,298: INFO: [train.py:247]: Train: Loss 0.1843, Raw Acc (99.80, 100.00), Crop Acc (97.79, 99.88), Drop Acc (95.08, 99.24), Time 473.51
2022-08-23 05:53:28,783: INFO: [train.py:302]: Valid: Val Loss 0.2129, Val Acc (94.54, 99.56), Time 68.48
2022-08-23 05:53:28,783: INFO: [train.py:303]: 
2022-08-23 05:53:28,784: INFO: [train.py:136]: Epoch 057, Learning Rate 5.23348e-05
2022-08-23 06:01:23,865: INFO: [train.py:247]: Train: Loss 0.1873, Raw Acc (99.74, 100.00), Crop Acc (97.65, 99.75), Drop Acc (94.62, 99.23), Time 475.08
2022-08-23 06:02:32,385: INFO: [train.py:302]: Valid: Val Loss 0.2141, Val Acc (94.57, 99.55), Time 68.51
2022-08-23 06:02:32,385: INFO: [train.py:303]: 
2022-08-23 06:02:32,385: INFO: [train.py:136]: Epoch 058, Learning Rate 5.23348e-05
2022-08-23 06:10:24,959: INFO: [train.py:247]: Train: Loss 0.1840, Raw Acc (99.72, 100.00), Crop Acc (98.05, 99.79), Drop Acc (94.99, 99.28), Time 472.57
2022-08-23 06:11:33,593: INFO: [train.py:302]: Valid: Val Loss 0.2150, Val Acc (94.48, 99.53), Time 68.63
2022-08-23 06:11:33,593: INFO: [train.py:303]: 
2022-08-23 06:11:33,594: INFO: [train.py:136]: Epoch 059, Learning Rate 4.71013e-05
2022-08-23 06:19:27,528: INFO: [train.py:247]: Train: Loss 0.1790, Raw Acc (99.80, 100.00), Crop Acc (97.86, 99.84), Drop Acc (94.94, 99.48), Time 473.93
2022-08-23 06:20:35,898: INFO: [train.py:302]: Valid: Val Loss 0.2158, Val Acc (94.32, 99.47), Time 68.36
2022-08-23 06:20:35,898: INFO: [train.py:303]: 
2022-08-23 06:20:35,899: INFO: [train.py:136]: Epoch 060, Learning Rate 4.71013e-05
2022-08-23 06:28:31,254: INFO: [train.py:247]: Train: Loss 0.1796, Raw Acc (99.82, 100.00), Crop Acc (98.02, 99.72), Drop Acc (95.05, 99.30), Time 475.35
2022-08-23 06:29:40,033: INFO: [train.py:302]: Valid: Val Loss 0.2140, Val Acc (94.63, 99.54), Time 68.77
2022-08-23 06:29:40,033: INFO: [train.py:303]: 
2022-08-23 06:29:40,033: INFO: [train.py:136]: Epoch 061, Learning Rate 4.23912e-05
2022-08-23 06:37:46,446: INFO: [train.py:247]: Train: Loss 0.1862, Raw Acc (99.78, 100.00), Crop Acc (97.97, 99.75), Drop Acc (94.74, 99.15), Time 486.41
2022-08-23 06:38:54,983: INFO: [train.py:302]: Valid: Val Loss 0.2142, Val Acc (94.55, 99.54), Time 68.53
2022-08-23 06:38:54,983: INFO: [train.py:303]: 
2022-08-23 06:38:54,984: INFO: [train.py:136]: Epoch 062, Learning Rate 4.23912e-05
2022-08-23 06:46:58,873: INFO: [train.py:247]: Train: Loss 0.1795, Raw Acc (99.75, 100.00), Crop Acc (98.05, 99.86), Drop Acc (95.21, 99.35), Time 483.89
2022-08-23 06:48:07,475: INFO: [train.py:302]: Valid: Val Loss 0.2183, Val Acc (94.60, 99.48), Time 68.60
2022-08-23 06:48:07,475: INFO: [train.py:303]: 
2022-08-23 06:48:07,475: INFO: [train.py:136]: Epoch 063, Learning Rate 3.8152e-05
2022-08-23 06:56:11,833: INFO: [train.py:247]: Train: Loss 0.1772, Raw Acc (99.83, 100.00), Crop Acc (98.22, 99.84), Drop Acc (94.84, 99.34), Time 484.36
2022-08-23 06:57:20,236: INFO: [train.py:302]: Valid: Val Loss 0.2178, Val Acc (94.86, 99.53), Time 68.40
2022-08-23 06:57:20,236: INFO: [train.py:303]: 
2022-08-23 06:57:20,237: INFO: [train.py:136]: Epoch 064, Learning Rate 3.8152e-05
2022-08-23 07:05:15,138: INFO: [train.py:247]: Train: Loss 0.1734, Raw Acc (99.79, 100.00), Crop Acc (98.31, 99.85), Drop Acc (95.10, 99.35), Time 474.90
2022-08-23 07:06:24,807: INFO: [train.py:302]: Valid: Val Loss 0.2193, Val Acc (94.38, 99.49), Time 69.66
2022-08-23 07:06:24,808: INFO: [train.py:303]: 
2022-08-23 07:06:24,808: INFO: [train.py:136]: Epoch 065, Learning Rate 3.43368e-05
2022-08-23 07:14:21,342: INFO: [train.py:247]: Train: Loss 0.1794, Raw Acc (99.80, 100.00), Crop Acc (98.04, 99.88), Drop Acc (94.47, 99.19), Time 476.53
2022-08-23 07:15:29,768: INFO: [train.py:302]: Valid: Val Loss 0.2157, Val Acc (94.55, 99.50), Time 68.42
2022-08-23 07:15:29,768: INFO: [train.py:303]: 
2022-08-23 07:15:29,769: INFO: [train.py:136]: Epoch 066, Learning Rate 3.43368e-05
2022-08-23 07:23:25,691: INFO: [train.py:247]: Train: Loss 0.1743, Raw Acc (99.80, 100.00), Crop Acc (98.06, 99.84), Drop Acc (95.05, 99.31), Time 475.92
2022-08-23 07:24:34,486: INFO: [train.py:302]: Valid: Val Loss 0.2157, Val Acc (94.53, 99.50), Time 68.79
2022-08-23 07:24:34,486: INFO: [train.py:303]: 
2022-08-23 07:24:34,486: INFO: [train.py:136]: Epoch 067, Learning Rate 3.09032e-05
